samples/build/outputs/logs/manifest-merger-debug-report.txt
-- Merging decision tree log ---
manifest
ADDED from src/main/AndroidManifest.xml:2:1-133:12
	package
		ADDED from src/main/AndroidManifest.xml:3:11-36
		INJECTED from src/main/AndroidManifest.xml
		INJECTED from src/main/AndroidManifest.xml
	android:versionName
		ADDED from src/main/AndroidManifest.xml:5:11-36
		INJECTED from src/main/AndroidManifest.xml
		INJECTED from src/main/AndroidManifest.xml
	android:versionCode
		ADDED from src/main/AndroidManifest.xml:4:11-34
		INJECTED from src/main/AndroidManifest.xml
		INJECTED from src/main/AndroidManifest.xml
	xmlns:android
		ADDED from src/main/AndroidManifest.xml:2:11-69
uses-permission#android.permission.WRITE_EXTERNAL_STORAGE
ADDED from src/main/AndroidManifest.xml:7:5-80
	android:name
		ADDED from src/main/AndroidManifest.xml:7:22-78
uses-feature#android.hardware.camera
ADDED from src/main/AndroidManifest.xml:10:5-59
	android:name
		ADDED from src/main/AndroidManifest.xml:10:19-57
uses-feature#android.hardware.camera.autofocus
ADDED from src/main/AndroidManifest.xml:11:5-69
	android:name
		ADDED from src/main/AndroidManifest.xml:11:19-67
uses-permission#android.permission.CAMERA
ADDED from src/main/AndroidManifest.xml:13:5-64
	android:name
		ADDED from src/main/AndroidManifest.xml:13:22-62
uses-permission#android.permission.RECORD_AUDIO
ADDED from src/main/AndroidManifest.xml:16:5-70
	android:name
		ADDED from src/main/AndroidManifest.xml:16:22-68
uses-permission#android.permission.INTERNET
ADDED from src/main/AndroidManifest.xml:18:5-67
	android:name
		ADDED from src/main/AndroidManifest.xml:18:22-64
uses-permission#android.permission.READ_PHONE_STATE
ADDED from src/main/AndroidManifest.xml:19:5-75
	android:name
		ADDED from src/main/AndroidManifest.xml:19:22-72
uses-permission#android.permission.ACCESS_WIFI_STATE
ADDED from src/main/AndroidManifest.xml:20:5-76
	android:name
		ADDED from src/main/AndroidManifest.xml:20:22-73
uses-permission#android.permission.ACCESS_NETWORK_STATE
ADDED from src/main/AndroidManifest.xml:21:5-79
	android:name
		ADDED from src/main/AndroidManifest.xml:21:22-76
uses-feature#0x00020000
ADDED from src/main/AndroidManifest.xml:24:5-26:38
MERGED from [org.m4m:effects:unspecified] AndroidManifest.xml:11:5-13:35
MERGED from [org.m4m:android:1.0] AndroidManifest.xml:12:5-14:35
	android:glEsVersion
		ADDED from src/main/AndroidManifest.xml:25:13-45
	android:required
		ADDED from src/main/AndroidManifest.xml:26:13-36
application
ADDED from src/main/AndroidManifest.xml:28:5-131:19
MERGED from [org.m4m:effects:unspecified] AndroidManifest.xml:15:5-20
MERGED from [org.m4m:android:1.0] AndroidManifest.xml:16:5-20
MERGED from [com.android.support:support-core-utils:25.3.1] AndroidManifest.xml:29:5-20
MERGED from [com.android.support:support-compat:25.3.1] AndroidManifest.xml:29:5-20
	android:label
		ADDED from src/main/AndroidManifest.xml:29:13-45
	android:icon
		ADDED from src/main/AndroidManifest.xml:30:13-47
	android:largeHeap
		ADDED from src/main/AndroidManifest.xml:31:13-37
activity#org.m4m.samples.SamplesMainActivity
ADDED from src/main/AndroidManifest.xml:33:9-41:20
	android:configChanges
		ADDED from src/main/AndroidManifest.xml:35:17-78
	android:name
		ADDED from src/main/AndroidManifest.xml:34:17-67
intent-filter#android.intent.action.MAIN+android.intent.category.LAUNCHER
ADDED from src/main/AndroidManifest.xml:36:13-40:29
action#android.intent.action.MAIN
ADDED from src/main/AndroidManifest.xml:37:17-68
	android:name
		ADDED from src/main/AndroidManifest.xml:37:25-66
category#android.intent.category.LAUNCHER
ADDED from src/main/AndroidManifest.xml:39:17-76
	android:name
		ADDED from src/main/AndroidManifest.xml:39:27-74
activity#org.m4m.samples.GameCapturing
ADDED from src/main/AndroidManifest.xml:43:9-46:49
	android:label
		ADDED from src/main/AndroidManifest.xml:46:17-47
	android:configChanges
		ADDED from src/main/AndroidManifest.xml:45:17-78
	android:name
		ADDED from src/main/AndroidManifest.xml:44:17-61
activity#org.m4m.samples.ComposerTranscodeActivity
ADDED from src/main/AndroidManifest.xml:48:9-51:50
	android:label
		ADDED from src/main/AndroidManifest.xml:51:17-48
	android:configChanges
		ADDED from src/main/AndroidManifest.xml:50:17-78
	android:name
		ADDED from src/main/AndroidManifest.xml:49:17-73
activity#org.m4m.samples.ComposerTranscodeCoreActivity
ADDED from src/main/AndroidManifest.xml:53:9-56:55
	android:label
		ADDED from src/main/AndroidManifest.xml:56:17-53
	android:configChanges
		ADDED from src/main/AndroidManifest.xml:55:17-78
	android:name
		ADDED from src/main/AndroidManifest.xml:54:17-77
activity#org.m4m.samples.ComposerMediaFileInfoActivity
ADDED from src/main/AndroidManifest.xml:58:9-61:54
	android:label
		ADDED from src/main/AndroidManifest.xml:61:17-52
	android:configChanges
		ADDED from src/main/AndroidManifest.xml:60:17-78
	android:name
		ADDED from src/main/AndroidManifest.xml:59:17-77
activity#org.m4m.samples.ComposerMediaFileInfoCoreActivity
ADDED from src/main/AndroidManifest.xml:62:9-65:59
	android:label
		ADDED from src/main/AndroidManifest.xml:65:17-57
	android:configChanges
		ADDED from src/main/AndroidManifest.xml:64:17-78
	android:name
		ADDED from src/main/AndroidManifest.xml:63:17-81
activity#org.m4m.samples.ComposerJoinActivity
ADDED from src/main/AndroidManifest.xml:67:9-70:45
	android:label
		ADDED from src/main/AndroidManifest.xml:70:17-43
	android:configChanges
		ADDED from src/main/AndroidManifest.xml:69:17-78
	android:name
		ADDED from src/main/AndroidManifest.xml:68:17-68
activity#org.m4m.samples.ComposerJoinCoreActivity
ADDED from src/main/AndroidManifest.xml:71:9-74:50
	android:label
		ADDED from src/main/AndroidManifest.xml:74:17-48
	android:configChanges
		ADDED from src/main/AndroidManifest.xml:73:17-78
	android:name
		ADDED from src/main/AndroidManifest.xml:72:17-72
activity#org.m4m.samples.ComposerCutActivity
ADDED from src/main/AndroidManifest.xml:76:9-79:44
	android:label
		ADDED from src/main/AndroidManifest.xml:79:17-42
	android:configChanges
		ADDED from src/main/AndroidManifest.xml:78:17-78
	android:name
		ADDED from src/main/AndroidManifest.xml:77:17-67
activity#org.m4m.samples.ComposerCutCoreActivity
ADDED from src/main/AndroidManifest.xml:80:9-83:49
	android:label
		ADDED from src/main/AndroidManifest.xml:83:17-47
	android:configChanges
		ADDED from src/main/AndroidManifest.xml:82:17-78
	android:name
		ADDED from src/main/AndroidManifest.xml:81:17-71
activity#org.m4m.samples.ComposerVideoEffectActivity
ADDED from src/main/AndroidManifest.xml:85:9-88:47
	android:label
		ADDED from src/main/AndroidManifest.xml:88:17-45
	android:configChanges
		ADDED from src/main/AndroidManifest.xml:87:17-78
	android:name
		ADDED from src/main/AndroidManifest.xml:86:17-75
activity#org.m4m.samples.ComposerVideoEffectCoreActivity
ADDED from src/main/AndroidManifest.xml:89:9-92:52
	android:label
		ADDED from src/main/AndroidManifest.xml:92:17-50
	android:configChanges
		ADDED from src/main/AndroidManifest.xml:91:17-78
	android:name
		ADDED from src/main/AndroidManifest.xml:90:17-79
activity#org.m4m.samples.ComposerTimeScalingActivity
ADDED from src/main/AndroidManifest.xml:94:9-97:56
	android:label
		ADDED from src/main/AndroidManifest.xml:97:17-54
	android:configChanges
		ADDED from src/main/AndroidManifest.xml:96:17-78
	android:name
		ADDED from src/main/AndroidManifest.xml:95:17-75
activity#org.m4m.samples.ComposerTimeScalingCoreActivity
ADDED from src/main/AndroidManifest.xml:98:9-101:52
	android:label
		ADDED from src/main/AndroidManifest.xml:101:17-50
	android:configChanges
		ADDED from src/main/AndroidManifest.xml:100:17-78
	android:name
		ADDED from src/main/AndroidManifest.xml:99:17-79
activity#org.m4m.samples.CameraCapturerActivity
ADDED from src/main/AndroidManifest.xml:103:9-108:50
	android:screenOrientation
		ADDED from src/main/AndroidManifest.xml:106:17-54
	android:label
		ADDED from src/main/AndroidManifest.xml:108:17-48
	android:configChanges
		ADDED from src/main/AndroidManifest.xml:105:17-78
	android:theme
		ADDED from src/main/AndroidManifest.xml:107:17-70
	android:name
		ADDED from src/main/AndroidManifest.xml:104:17-70
activity#org.m4m.samples.PlayVideoCapturerActivity
ADDED from src/main/AndroidManifest.xml:110:9-115:46
	android:screenOrientation
		ADDED from src/main/AndroidManifest.xml:113:13-50
	android:label
		ADDED from src/main/AndroidManifest.xml:115:13-44
	android:configChanges
		ADDED from src/main/AndroidManifest.xml:112:13-74
	android:theme
		ADDED from src/main/AndroidManifest.xml:114:13-66
	android:name
		ADDED from src/main/AndroidManifest.xml:111:13-69
activity#org.m4m.samples.TestActivity
ADDED from src/main/AndroidManifest.xml:116:9-121:46
	android:screenOrientation
		ADDED from src/main/AndroidManifest.xml:119:13-50
	android:label
		ADDED from src/main/AndroidManifest.xml:121:13-44
	android:configChanges
		ADDED from src/main/AndroidManifest.xml:118:13-74
	android:theme
		ADDED from src/main/AndroidManifest.xml:120:13-66
	android:name
		ADDED from src/main/AndroidManifest.xml:117:13-56
activity#org.m4m.samples.ComposerAudioEffectActivity
ADDED from src/main/AndroidManifest.xml:122:9-125:47
	android:label
		ADDED from src/main/AndroidManifest.xml:125:17-45
	android:configChanges
		ADDED from src/main/AndroidManifest.xml:124:17-78
	android:name
		ADDED from src/main/AndroidManifest.xml:123:17-75
activity#org.m4m.samples.ComposerAudioEffectCoreActivity
ADDED from src/main/AndroidManifest.xml:126:9-129:52
	android:label
		ADDED from src/main/AndroidManifest.xml:129:17-50
	android:configChanges
		ADDED from src/main/AndroidManifest.xml:128:17-78
	android:name
		ADDED from src/main/AndroidManifest.xml:127:17-79
uses-sdk
INJECTED from src/main/AndroidManifest.xml reason: use-sdk injection requested
MERGED from [org.m4m:effects:unspecified] AndroidManifest.xml:7:5-9:41
MERGED from [org.m4m:android:1.0] AndroidManifest.xml:7:5-9:41
MERGED from [com.google.android.exoplayer:exoplayer:r2.4.3] AndroidManifest.xml:21:5-23:41
MERGED from [com.google.android.exoplayer:exoplayer-dash:r2.4.3] AndroidManifest.xml:21:5-23:41
MERGED from [com.android.support:support-core-utils:25.3.1] AndroidManifest.xml:21:5-23:61
MERGED from [com.android.support:support-compat:25.3.1] AndroidManifest.xml:21:5-23:58
MERGED from [com.google.android.exoplayer:exoplayer-hls:r2.4.3] AndroidManifest.xml:21:5-23:41
MERGED from [com.google.android.exoplayer:exoplayer-smoothstreaming:r2.4.3] AndroidManifest.xml:21:5-23:41
MERGED from [com.google.android.exoplayer:exoplayer-ui:r2.4.3] AndroidManifest.xml:21:5-23:41
MERGED from [com.google.android.exoplayer:exoplayer-core:r2.4.3] AndroidManifest.xml:21:5-23:41
	tools:overrideLibrary
		ADDED from [com.android.support:support-core-utils:25.3.1] AndroidManifest.xml:23:9-58
	android:targetSdkVersion
		INJECTED from src/main/AndroidManifest.xml
		INJECTED from src/main/AndroidManifest.xml
	android:minSdkVersion
		INJECTED from src/main/AndroidManifest.xml
		INJECTED from src/main/AndroidManifest.xml
meta-data#android.support.VERSION
ADDED from [com.android.support:support-core-utils:25.3.1] AndroidManifest.xml:25:5-27:34
MERGED from [com.android.support:support-compat:25.3.1] AndroidManifest.xml:25:5-27:34
	android:value
		ADDED from [com.android.support:support-core-utils:25.3.1] AndroidManifest.xml:27:9-31
	android:name
		ADDED from [com.android.support:support-core-utils:25.3.1] AndroidManifest.xml:26:9-47